Running chainsaw on targets in /home/a.lau/Github/ted-tools/ted_consensus_1.0/example
05/26/2025 12:51:11 PM | INFO | Using device: cuda
05/26/2025 12:51:12 PM | INFO | Learner kwargs: {'max_recycles': 1, 'save_val_best': True, 'x_has_padding_mask': False, 'remove_disordered_domain_threshold': 0.35, 'post_process_domains': True, 'min_ss_components': 2, 'min_domain_length': 30}
05/26/2025 12:51:12 PM | INFO | Loading weights from: /home/a.lau/Github/ted-tools/ted_consensus_1.0/programs/chainsaw/saved_models/secondary_structure_epoch17/version_2/weights.pt
05/26/2025 12:51:12 PM | INFO | Making prediction for file AF-A0A0N5ATQ5-F1-model_v4.pdb (chain 'AF-A0A0N5ATQ5-F1-model_v4')
05/26/2025 12:51:12 PM | INFO | Running command: /home/a.lau/Github/ted-tools/ted_consensus_1.0/programs/chainsaw/stride/stride /home/a.lau/Github/ted-tools/ted_consensus_1.0/example/AF-A0A0N5ATQ5-F1-model_v4_renum.pdb -rA
05/26/2025 12:51:12 PM | INFO | Distance matrix shape: (1, 502, 502), SS matrix shape: (502, 502)
05/26/2025 12:51:13 PM | INFO | Runtime: 1.346s
05/26/2025 12:51:13 PM | INFO | Making prediction for file 1bg5A03.pdb (chain '1bg5A03')
05/26/2025 12:51:13 PM | INFO | Running command: /home/a.lau/Github/ted-tools/ted_consensus_1.0/programs/chainsaw/stride/stride /home/a.lau/Github/ted-tools/ted_consensus_1.0/example/1bg5A03_renum.pdb -rA
05/26/2025 12:51:13 PM | INFO | Distance matrix shape: (1, 41, 41), SS matrix shape: (41, 41)
05/26/2025 12:51:14 PM | INFO | Runtime: 0.098s
05/26/2025 12:51:14 PM | INFO | Making prediction for file AF-A0A6C0LIE9-F1-model_v4.pdb (chain 'AF-A0A6C0LIE9-F1-model_v4')
05/26/2025 12:51:14 PM | INFO | Running command: /home/a.lau/Github/ted-tools/ted_consensus_1.0/programs/chainsaw/stride/stride /home/a.lau/Github/ted-tools/ted_consensus_1.0/example/AF-A0A6C0LIE9-F1-model_v4_renum.pdb -rA
05/26/2025 12:51:14 PM | INFO | Distance matrix shape: (1, 304, 304), SS matrix shape: (304, 304)
05/26/2025 12:51:14 PM | INFO | Runtime: 0.459s
05/26/2025 12:51:14 PM | INFO | Making prediction for file AF-A0A1V6M2Y0-F1-model_v4.pdb (chain 'AF-A0A1V6M2Y0-F1-model_v4')
05/26/2025 12:51:14 PM | INFO | Running command: /home/a.lau/Github/ted-tools/ted_consensus_1.0/programs/chainsaw/stride/stride /home/a.lau/Github/ted-tools/ted_consensus_1.0/example/AF-A0A1V6M2Y0-F1-model_v4_renum.pdb -rA
05/26/2025 12:51:14 PM | INFO | Distance matrix shape: (1, 1272, 1272), SS matrix shape: (1272, 1272)
05/26/2025 12:51:38 PM | INFO | Runtime: 23.689s
05/26/2025 12:51:38 PM | INFO | Making prediction for file AF-A0A1X0B8H0-F1-model_v4.pdb (chain 'AF-A0A1X0B8H0-F1-model_v4')
05/26/2025 12:51:38 PM | INFO | Running command: /home/a.lau/Github/ted-tools/ted_consensus_1.0/programs/chainsaw/stride/stride /home/a.lau/Github/ted-tools/ted_consensus_1.0/example/AF-A0A1X0B8H0-F1-model_v4_renum.pdb -rA
05/26/2025 12:51:38 PM | INFO | Distance matrix shape: (1, 686, 686), SS matrix shape: (686, 686)
05/26/2025 12:51:39 PM | INFO | Runtime: 1.643s
05/26/2025 12:51:39 PM | INFO | Making prediction for file AF-A0A6C0L9V9-F1-model_v4.pdb (chain 'AF-A0A6C0L9V9-F1-model_v4')
05/26/2025 12:51:39 PM | INFO | Running command: /home/a.lau/Github/ted-tools/ted_consensus_1.0/programs/chainsaw/stride/stride /home/a.lau/Github/ted-tools/ted_consensus_1.0/example/AF-A0A6C0L9V9-F1-model_v4_renum.pdb -rA
05/26/2025 12:51:39 PM | INFO | Distance matrix shape: (1, 421, 421), SS matrix shape: (421, 421)
05/26/2025 12:51:40 PM | INFO | Runtime: 0.72s
05/26/2025 12:51:40 PM | INFO | DONE
